


2-8-2022 9:45:30[select count(*) as cant_rows from entidades t1 
 left join sc_adjuntos adj  on (t1.id = adj.iddato and adj.idquery = 727)
 left join tipos_entidades t2 on (t1.id_tipoentidad = t2.id)
 left join entidades t3 on (t1.id_identidad_comercial = t3.id)
 left join listas_precios t4 on (t1.id_listaprecio = t4.id) where  ( (t1.id_tipoentidad in (select id from tipos_entidades where descripcion like '%C23900%'))  or  (t1.cliente_cardcode like '%C23900%')  or  (t1.nro_cuit like '%C23900%')  or  (t1.nombre like '%C23900%')  or  (t1.direccion like '%C23900%')  or  (t1.email like '%C23900%')  or  (t1.telefono like '%C23900%')  or  (t1.usuario like '%C23900%')  or  (t1.clave like '%C23900%')  or  (t1.id_identidad_comercial in (select id ], codigo=1064: You have an error in your SQL syntax; check the manual that corresponds to your MariaDB server version for the right syntax to use near '' at line 5
  HTTP_USER_AGENT=Mozilla/5.0 (X11; Linux x86_64; rv:103.0) Gecko/20100101 Firefox/103.0
  QUERY_STRING=query=entidades&fstack=1&todesktop=1&fmerge=1&orderbyentidades=cliente_cardcode&top=20&palabra=C23900
  SCRIPT_FILENAME=/home/leonardo/public_html/derweb/admin/sc-selitems.php
  REMOTE_ADDR=127.0.0.1
  SCRIPT_NAME=/derweb/admin/sc-selitems.php
  SERVER_SOFTWARE=Apache/2.4.52 (Ubuntu)


2-8-2022 9:55:38[select count(*) as cant_rows from entidades t1 
 left join sc_adjuntos adj  on (t1.id = adj.iddato and adj.idquery = 727)
 left join tipos_entidades t2 on (t1.id_tipoentidad = t2.id)
 left join entidades t3 on (t1.id_identidad_comercial = t3.id)
 left join listas_precios t4 on (t1.id_listaprecio = t4.id) ], codigo=1054: Unknown column 't1.id_identidad_comercial' in 'on clause'
  HTTP_USER_AGENT=Mozilla/5.0 (X11; Linux x86_64; rv:103.0) Gecko/20100101 Firefox/103.0
  QUERY_STRING=query=entidades&fstack=1&todesktop=1&fmerge=1
  SCRIPT_FILENAME=/home/leonardo/public_html/derweb/admin/sc-selitems.php
  REMOTE_ADDR=127.0.0.1
  SCRIPT_NAME=/derweb/admin/sc-selitems.php
  SERVER_SOFTWARE=Apache/2.4.52 (Ubuntu)


2-8-2022 9:56:29[select count(*) as cant from entidades where id_identidad_comercial=2], codigo=1054: Unknown column 'id_identidad_comercial' in 'where clause'
  HTTP_USER_AGENT=Mozilla/5.0 (X11; Linux x86_64; rv:103.0) Gecko/20100101 Firefox/103.0
  QUERY_STRING=query=entidades&palabra=C23900&registrovalor=2
  SCRIPT_FILENAME=/home/leonardo/public_html/derweb/admin/sc-viewitem.php
  REMOTE_ADDR=127.0.0.1
  SCRIPT_NAME=/derweb/admin/sc-viewitem.php
  SERVER_SOFTWARE=Apache/2.4.52 (Ubuntu)


2-8-2022 9:58:4[select count(*) as cant from entidades where id_identidad_comercial=2], codigo=1054: Unknown column 'id_identidad_comercial' in 'where clause'
  HTTP_USER_AGENT=Mozilla/5.0 (X11; Linux x86_64; rv:103.0) Gecko/20100101 Firefox/103.0
  QUERY_STRING=query=entidades&palabra=C23900&registrovalor=2
  SCRIPT_FILENAME=/home/leonardo/public_html/derweb/admin/sc-viewitem.php
  REMOTE_ADDR=127.0.0.1
  SCRIPT_NAME=/derweb/admin/sc-viewitem.php
  SERVER_SOFTWARE=Apache/2.4.52 (Ubuntu)


2-8-2022 9:58:55[select count(*) as cant from entidades where id_identidad_comercial=7828], codigo=1054: Unknown column 'id_identidad_comercial' in 'where clause'
  HTTP_USER_AGENT=Mozilla/5.0 (X11; Linux x86_64; rv:103.0) Gecko/20100101 Firefox/103.0
  QUERY_STRING=query=entidades&registrovalor=7828
  SCRIPT_FILENAME=/home/leonardo/public_html/derweb/admin/sc-viewitem.php
  REMOTE_ADDR=127.0.0.1
  SCRIPT_NAME=/derweb/admin/sc-viewitem.php
  SERVER_SOFTWARE=Apache/2.4.52 (Ubuntu)


2-8-2022 10:4:32[select id, direccion 
				from gri_presentaciones
				order by id desc
				limit 100000], codigo=1146: Table 'db_derweb.gri_presentaciones' doesn't exist
  HTTP_USER_AGENT=Mozilla/5.0 (X11; Linux x86_64; rv:103.0) Gecko/20100101 Firefox/103.0
  QUERY_STRING=opid=799&favicon=ico%2Fsort.ico&fstack=1
  SCRIPT_FILENAME=/home/leonardo/public_html/derweb/admin/sc-convertir-utf8.php
  REMOTE_ADDR=127.0.0.1
  SCRIPT_NAME=/derweb/admin/sc-convertir-utf8.php
  SERVER_SOFTWARE=Apache/2.4.52 (Ubuntu)


2-8-2022 10:5:36[select id, direccion 
				from gri_presentaciones
				order by id desc
				limit 100000], codigo=1146: Table 'db_derweb.gri_presentaciones' doesn't exist
  HTTP_USER_AGENT=Mozilla/5.0 (X11; Linux x86_64; rv:103.0) Gecko/20100101 Firefox/103.0
  QUERY_STRING=opid=799&favicon=ico%2Fsort.ico&fstack=1
  SCRIPT_FILENAME=/home/leonardo/public_html/derweb/admin/sc-convertir-utf8.php
  REMOTE_ADDR=127.0.0.1
  SCRIPT_NAME=/derweb/admin/sc-convertir-utf8.php
  SERVER_SOFTWARE=Apache/2.4.52 (Ubuntu)