


2-6-2022 21:30:49[CREATE PROCEDURE sp_articulos_getByRubroAndRubro (
    xid_preciolista int,
    xid_rubro int,
    xid_subrubro int
)
BEGIN
    SELECT
        art.id,
        art.descripcion,
        art.codigo,
        pre.precio_lista
    FROM
        articulos art
            INNER JOIN articulos_precios pre ON pre.id_articulo = art.id
    WHERE
        art.fecha_baja IS NULL AND
        art.eliminado = 0 AND
        art.habilitado = 1 AND
        art.id_rubro = xid_rubro AND
        art.id_subrubro = xid_subrubro ANDD
        pre.id_listaprecio = xid_preciolista
    ORDER BY codigo ASC
END], codigo=1064: You have an error in your SQL syntax; check the manual that corresponds to your MariaDB server version for the right syntax to use near 'ANDD         pre.id_listaprecio = xid_preciolista     ORDER BY codigo ASC END' at line 20
  HTTP_USER_AGENT=Mozilla/5.0 (Windows NT 10.0; Win64; x64; rv:101.0) Gecko/20100101 Firefox/101.0
  QUERY_STRING=opid=887&favicon=ico%2Fwip.ico&fstack=1
  SCRIPT_FILENAME=D:/public_html/derweb/admin/der-updversion.php
  REMOTE_ADDR=127.0.0.1
  SCRIPT_NAME=/derweb/admin/der-updversion.php
  SERVER_SOFTWARE=Apache/2.4.51 (Win64) PHP/7.4.26


2-6-2022 21:31:54[CREATE PROCEDURE sp_articulos_getByRubroAndRubro (
    xid_preciolista int,
    xid_rubro int,
    xid_subrubro int
)
BEGIN
    SELECT
        art.id,
        art.descripcion,
        art.codigo,
        pre.precio_lista
    FROM
        articulos art
            INNER JOIN articulos_precios pre ON pre.id_articulo = art.id
    WHERE
        art.eliminado = 0 AND
        art.habilitado = 1 AND
        art.id_rubro = xid_rubro AND
        art.id_subrubro = xid_subrubro ANDD
        pre.id_listaprecio = xid_preciolista
    ORDER BY codigo ASC
END], codigo=1064: You have an error in your SQL syntax; check the manual that corresponds to your MariaDB server version for the right syntax to use near 'ANDD         pre.id_listaprecio = xid_preciolista     ORDER BY codigo ASC END' at line 19
  HTTP_USER_AGENT=Mozilla/5.0 (Windows NT 10.0; Win64; x64; rv:101.0) Gecko/20100101 Firefox/101.0
  QUERY_STRING=opid=887&favicon=ico%2Fwip.ico&fstack=1
  SCRIPT_FILENAME=D:/public_html/derweb/admin/der-updversion.php
  REMOTE_ADDR=127.0.0.1
  SCRIPT_NAME=/derweb/admin/der-updversion.php
  SERVER_SOFTWARE=Apache/2.4.51 (Win64) PHP/7.4.26


2-6-2022 21:32:7[CREATE PROCEDURE sp_articulos_getByRubroAndRubro (
    xid_preciolista int,
    xid_rubro int,
    xid_subrubro int
)
BEGIN
    SELECT
        art.id,
        art.descripcion,
        art.codigo,
        pre.precio_lista
    FROM
        articulos art
            INNER JOIN articulos_precios pre ON pre.id_articulo = art.id
    WHERE
        art.eliminado = 0 AND
        art.habilitado = 1 AND
        art.id_rubro = xid_rubro AND
        art.id_subrubro = xid_subrubro AND
        pre.id_listaprecio = xid_preciolista
    ORDER BY codigo ASC
END], codigo=1064: You have an error in your SQL syntax; check the manual that corresponds to your MariaDB server version for the right syntax to use near 'END' at line 22
  HTTP_USER_AGENT=Mozilla/5.0 (Windows NT 10.0; Win64; x64; rv:101.0) Gecko/20100101 Firefox/101.0
  QUERY_STRING=opid=887&favicon=ico%2Fwip.ico&fstack=1
  SCRIPT_FILENAME=D:/public_html/derweb/admin/der-updversion.php
  REMOTE_ADDR=127.0.0.1
  SCRIPT_NAME=/derweb/admin/der-updversion.php
  SERVER_SOFTWARE=Apache/2.4.51 (Win64) PHP/7.4.26