


8-8-2020 21:28:4[insert into cja2_comprobantes(idempresa,
	 tipo,
	 talon,
	 punto_venta,
	 numero,
	 numero_completo,
	 anio,
	 mes,
	 fecha,
	 fecha_vencimiento,
	 anulado,
	 pago,
	 periodo,
	 idusuario,
	 idempleado,
	 en_controlador,
	 cae,
	 fecha_vto_cae,
	 codigo_barra,
	 cuit_dni,
	 idproveedor,
	 nro_cta,
	 idcuenta,
	 idcliente,
	 ref_tipo,
	 ref_id,
	 observaciones,
	 mensaje,
	 idmoneda,
	 credito,
	 debito,
	 idmoneda_equiv,
	 cotizacion,
	 credito_equiv,
	 debito_equiv,
	 comprobante_externo)
 values (null,
	 'RC',
	 'X',
	 '00000',
	 985,
	 'RC-X-00000-985',
	 2020,
	 08,
	 '2020-08-08 09:28',
	 CURRENT_TIMESTAMP(),
	 0,
	 0,
	 null,
	 1,
	 null,
	 0,
	 '',
	 NULL,
	 '',
	 '',
	 null,
	 null,
	 8052850098,
	 null,
	 '',
	 null,
	 'Mercado Pago operacion: 97',
	 '',
	 1,
	 10,
	 null,
	 1,
	 null,
	 10,
	 null,
	 '')],
	 codigo=1452: Cannot add or update a child row: a foreign key constraint fails (`z6000128_gestion`.`cja2_comprobantes`,
	 CONSTRAINT `FK_cja2_comprobantes_cta_cuentas_idcuenta` FOREIGN KEY (`idcuenta`) REFERENCES `cta_cuentas` (`id`))
  HTTP_USER_AGENT=MercadoPago Feed v2.0 payment
  QUERY_STRING=id=8052850098&topic=payment
  SCRIPT_FILENAME=/home/z6000128/public_html/app/gestion/mercadopago/mercadopago_listener.php
  REMOTE_ADDR=54.88.218.97
  SCRIPT_NAME=/app/gestion/mercadopago/mercadopago_listener.php
  SERVER_SOFTWARE=Apache
